<?xml version="1.0" encoding="UTF-8"?>
<testng-results skipped="0" failed="0" ignored="0" total="1" passed="1">
  <reporter-output>
    <line>
      <![CDATA[<div "result">I launch &quot;https:&#x2F;&#x2F;www.google.com&#x2F;&quot; in &quot;chrome&quot; (PASSED : 9s)</div>]]>
    </line>
    <line>
      <![CDATA[<div "result">I wait for &quot;GoogleSearch&quot; screen to load (PASSED : 0s)</div>]]>
    </line>
    <line>
      <![CDATA[<div "result">I verify &quot;txtSearchBox&quot; is displayed (PASSED : 0s)</div>]]>
    </line>
    <line>
      <![CDATA[<div "result">I enter the text as &quot;Clarivate Analytics&quot; in &quot;txtSearchBox&quot; (PASSED : 0s)</div>]]>
    </line>
    <line>
      <![CDATA[<div "result">I hit Enter key (PASSED : 3s)</div>]]>
    </line>
    <line>
      <![CDATA[<div "result">I wait for &quot;SearchResults&quot; screen to load (PASSED : 0s)</div>]]>
    </line>
    <line>
      <![CDATA[<div "result">I verify &quot;https:&#x2F;&#x2F;clarivate.com&#x2F;&quot; search result link is displayed in index &quot;1&quot; (PASSED : 0s)</div>]]>
    </line>
  </reporter-output>
  <suite name="Suite" duration-ms="13695" started-at="2020-07-21T06:29:35Z" finished-at="2020-07-21T06:29:49Z">
    <groups>
      <group name="cucumber">
        <method signature="AbstractTestNGCucumberTests.runScenario(cucumber.api.testng.PickleEventWrapper, cucumber.api.testng.CucumberFeatureWrapper)[pri:0, instance:runner.TestRunner@15975490]" name="runScenario" class="cucumber.api.testng.AbstractTestNGCucumberTests"/>
      </group> <!-- cucumber -->
    </groups>
    <test name="Test" duration-ms="13695" started-at="2020-07-21T06:29:35Z" finished-at="2020-07-21T06:29:49Z">
      <class name="runner.TestRunner">
        <test-method status="PASS" signature="setUpClass()[pri:0, instance:runner.TestRunner@15975490]" name="setUpClass" is-config="true" duration-ms="185" started-at="2020-07-21T06:29:35Z" finished-at="2020-07-21T06:29:35Z">
          <reporter-output>
          </reporter-output>
        </test-method> <!-- setUpClass -->
        <test-method status="PASS" signature="runScenario(cucumber.api.testng.PickleEventWrapper, cucumber.api.testng.CucumberFeatureWrapper)[pri:0, instance:runner.TestRunner@15975490]" name="runScenario" duration-ms="12806" started-at="2020-07-21T06:29:35Z" description="Runs Cucumber Scenarios" data-provider="scenarios" finished-at="2020-07-21T06:29:48Z">
          <params>
            <param index="0">
              <value>
                <![CDATA["Validate Google Search for Clarivate Analytics"]]>
              </value>
            </param>
            <param index="1">
              <value>
                <![CDATA["BOT 3594 Automation QA Engineer Interview Task"]]>
              </value>
            </param>
          </params>
          <reporter-output>
            <line>
              <![CDATA[<div "result">I launch &quot;https:&#x2F;&#x2F;www.google.com&#x2F;&quot; in &quot;chrome&quot; (PASSED : 9s)</div>]]>
            </line>
            <line>
              <![CDATA[<div "result">I wait for &quot;GoogleSearch&quot; screen to load (PASSED : 0s)</div>]]>
            </line>
            <line>
              <![CDATA[<div "result">I verify &quot;txtSearchBox&quot; is displayed (PASSED : 0s)</div>]]>
            </line>
            <line>
              <![CDATA[<div "result">I enter the text as &quot;Clarivate Analytics&quot; in &quot;txtSearchBox&quot; (PASSED : 0s)</div>]]>
            </line>
            <line>
              <![CDATA[<div "result">I hit Enter key (PASSED : 3s)</div>]]>
            </line>
            <line>
              <![CDATA[<div "result">I wait for &quot;SearchResults&quot; screen to load (PASSED : 0s)</div>]]>
            </line>
            <line>
              <![CDATA[<div "result">I verify &quot;https:&#x2F;&#x2F;clarivate.com&#x2F;&quot; search result link is displayed in index &quot;1&quot; (PASSED : 0s)</div>]]>
            </line>
          </reporter-output>
        </test-method> <!-- runScenario -->
        <test-method status="PASS" signature="closeDriver()[pri:0, instance:runner.TestRunner@15975490]" name="closeDriver" is-config="true" duration-ms="636" started-at="2020-07-21T06:29:48Z" finished-at="2020-07-21T06:29:49Z">
          <reporter-output>
          </reporter-output>
        </test-method> <!-- closeDriver -->
        <test-method status="PASS" signature="tearDownClass()[pri:0, instance:runner.TestRunner@15975490]" name="tearDownClass" is-config="true" duration-ms="16" started-at="2020-07-21T06:29:49Z" finished-at="2020-07-21T06:29:49Z">
          <reporter-output>
          </reporter-output>
        </test-method> <!-- tearDownClass -->
      </class> <!-- runner.TestRunner -->
    </test> <!-- Test -->
  </suite> <!-- Suite -->
</testng-results>
