<?xml version="1.0" encoding="UTF-8"?>
<testsuite xmlns:xsi="http://www.w3.org/2001/XMLSchema-instance" xsi:noNamespaceSchemaLocation="https://maven.apache.org/surefire/maven-surefire-plugin/xsd/surefire-test-report.xsd" name="TestSuite" time="15.024" tests="2" errors="0" skipped="0" failures="2">
  <properties>
[...]
</properties>
  <testcase name="runScenario" classname="runner.TestRunner" time="14.114">
    <failure message="expected [4] but found [Display is 1]" type="java.lang.AssertionError">java.lang.AssertionError: expected [4] but found [Display is 1]
</failure>
    <system-out><![CDATA[@Scenario2
Feature: BOT 3594 Automation QA Engineer Interview Task

  @Scenario2 @Desktop @Automated
  Scenario: Validate Square Root to be performed in Calculator # src/test/resources/feature/desktop/Calculator.feature:5
07-21-2020 11:49:57 Context.java INFO  [main] core.Context 131 - Start of the test in desktop
    Given I launch Calculator Application                      # WinniumSteps.launchCalculator()
07-21-2020 11:50:01 WinniumSteps.java INFO  [main] core.Context 38 - Entering the input number as 16
num1Button
num6Button
    When I enter number as "16" in calculator                  # WinniumSteps.enterValue(String)
07-21-2020 11:50:10 WinniumSteps.java INFO  [main] core.Context 57 - click on operation in calculator
    And I click on "SQUAREROOT" in calculator                  # WinniumSteps.clickOperation(String)
07-21-2020 11:50:11 WinniumSteps.java INFO  [main] core.Context 57 - click on operation in calculator
    And I click on "EQUAL" in calculator                       # WinniumSteps.clickOperation(String)
07-21-2020 11:50:11 WinniumSteps.java INFO  [main] core.Context 69 - verify the results in calculator
    Then I validate the result as "4" in calculator            # WinniumSteps.verifyResult(String)
      java.lang.AssertionError: expected [4] but found [Display is 1]
	at org.testng.Assert.fail(Assert.java:96)
	at org.testng.Assert.failNotEquals(Assert.java:776)
	at org.testng.Assert.assertEqualsImpl(Assert.java:137)
	at org.testng.Assert.assertEquals(Assert.java:118)
	at org.testng.Assert.assertEquals(Assert.java:453)
	at org.testng.Assert.assertEquals(Assert.java:463)
	at core.WinniumSteps.verifyResult(WinniumSteps.java:71)
	at ?.I validate the result as "4" in calculator(src/test/resources/feature/desktop/Calculator.feature:11)

]]></system-out>
    <system-err><![CDATA[Jul 21, 2020 11:50:01 AM org.openqa.selenium.remote.ProtocolHandshake createSession
INFO: Detected dialect: OSS
]]></system-err>
  </testcase>
  <testcase name="closeDriver" classname="runner.TestRunner" time="14.116">
    <failure type="java.lang.NullPointerException">java.lang.NullPointerException
	at runner.TestRunner.closeDriver(TestRunner.java:27)
</failure>
  </testcase>
</testsuite>